[2025年 8月 5日 星期二 10时19分31秒 CST] Changes pushed successfully
[2025年 8月 5日 星期二 10时22分52秒 CST] Changes pushed successfully
[Tue Aug  5 19:00:04 CST 2025] Changes pushed successfully
[Wed Aug  6 10:00:03 CST 2025] Changes pushed successfully
[2025年 8月 7日 星期四 10时26分43秒 CST] Local changes stashed
[2025年 8月 7日 星期四 10时26分47秒 CST] Successfully pulled remote changes
[2025年 8月 7日 星期四 10时26分47秒 CST] Stashed changes restored
[2025年 8月 9日 星期六 21时36分01秒 CST] Local changes stashed
[2025年 8月 9日 星期六 21时36分05秒 CST] Successfully pulled remote changes
[2025年 8月 9日 星期六 21时36分05秒 CST] Stashed changes restored
[2025年 8月13日 星期三 19时34分58秒 CST] Local changes stashed
[2025年 8月13日 星期三 19时35分03秒 CST] Successfully pulled remote changes
[2025年 8月13日 星期三 19时35分03秒 CST] Stashed changes restored
[2025年 8月13日 星期三 19时37分43秒 CST] Local changes stashed
[2025年 8月13日 星期三 19时37分47秒 CST] Successfully pulled remote changes
[2025年 8月13日 星期三 19时37分48秒 CST] Stashed changes restored
[2025年 8月13日 星期三 19时40分04秒 CST] Local changes stashed
[2025年 8月13日 星期三 19时40分08秒 CST] Successfully pulled remote changes
[2025年 8月13日 星期三 19时40分09秒 CST] Stashed changes restored
[2025年 8月13日 星期三 19时40分29秒 CST] Local changes stashed
[2025年 8月13日 星期三 19时40分33秒 CST] Successfully pulled remote changes
[2025年 8月13日 星期三 19时40分34秒 CST] Stashed changes restored
[2025年 8月13日 星期三 19时41分24秒 CST] Local changes stashed
[2025年 8月13日 星期三 19时41分28秒 CST] Successfully pulled remote changes
[2025年 8月13日 星期三 19时41分28秒 CST] Stashed changes restored
[2025年 8月13日 星期三 19时43分17秒 CST] Local changes stashed
[2025年 8月13日 星期三 19时43分21秒 CST] Successfully pulled remote changes
[2025年 8月13日 星期三 19时43分21秒 CST] Stashed changes restored
[2025年 8月13日 星期三 19时44分25秒 CST] Local changes stashed
[2025年 8月13日 星期三 19时44分29秒 CST] Successfully pulled remote changes
[2025年 8月13日 星期三 19时44分30秒 CST] Stashed changes restored
[2025年 8月13日 星期三 19时45分36秒 CST] Local changes stashed
[2025年 8月13日 星期三 19时45分40秒 CST] Successfully pulled remote changes
[2025年 8月13日 星期三 19时45分40秒 CST] Stashed changes restored
[2025年 8月13日 星期三 19时46分05秒 CST] Local changes stashed
[2025年 8月13日 星期三 19时46分09秒 CST] Successfully pulled remote changes
[2025年 8月13日 星期三 19时46分09秒 CST] Stashed changes restored
[Fri Apr 17 10:00:06 CST 2026] Local changes stashed
[Fri Apr 17 10:00:09 CST 2026] Successfully pulled remote changes
[Fri Apr 17 10:00:10 CST 2026] Stashed changes restored
[Mon Apr 20 10:00:06 CST 2026] Local changes stashed
[Mon Apr 20 10:00:10 CST 2026] Successfully pulled remote changes
[Mon Apr 20 10:00:10 CST 2026] Stashed changes restored
[Tue Apr 21 10:00:04 CST 2026] Local changes stashed
[Tue Apr 21 10:00:09 CST 2026] Successfully pulled remote changes
[Tue Apr 21 10:00:09 CST 2026] Stashed changes restored
[Wed Apr 22 10:00:05 CST 2026] Local changes stashed
[Wed Apr 22 10:00:10 CST 2026] Successfully pulled remote changes
[Wed Apr 22 10:00:10 CST 2026] Stashed changes restored
[Thu Apr 23 10:00:05 CST 2026] Local changes stashed
[Thu Apr 23 10:00:09 CST 2026] Successfully pulled remote changes
[Thu Apr 23 10:00:09 CST 2026] Stashed changes restored
[Fri Apr 24 10:00:09 CST 2026] Local changes stashed
[Fri Apr 24 10:00:20 CST 2026] Successfully pulled remote changes
[Fri Apr 24 10:00:20 CST 2026] Stashed changes restored
[Mon Apr 27 10:00:05 CST 2026] Local changes stashed
[Mon Apr 27 10:00:09 CST 2026] Successfully pulled remote changes
[Mon Apr 27 10:00:09 CST 2026] Stashed changes restored
